[0m15:24:19.431685 [debug] [MainThread]: Sending event: {'category': 'dbt', 'action': 'invocation', 'label': 'start', 'context': [<snowplow_tracker.self_describing_json.SelfDescribingJson object at 0x00000242B4068A50>, <snowplow_tracker.self_describing_json.SelfDescribingJson object at 0x00000242B4069590>, <snowplow_tracker.self_describing_json.SelfDescribingJson object at 0x00000242B4068350>]}


============================== 15:24:19.438357 | 714cb68e-e442-404e-894e-e01d8dce261a ==============================
[0m15:24:19.438357 [info ] [MainThread]: Running with dbt=1.8.9
[0m15:24:19.439381 [debug] [MainThread]: running dbt with arguments {'printer_width': '80', 'indirect_selection': 'eager', 'write_json': 'True', 'log_cache_events': 'False', 'partial_parse': 'True', 'cache_selected_only': 'False', 'profiles_dir': 'C:\\Users\\Sandy Lauguico\\.dbt', 'debug': 'False', 'warn_error': 'None', 'log_path': 'logs', 'version_check': 'True', 'fail_fast': 'False', 'use_colors': 'True', 'use_experimental_parser': 'False', 'empty': 'None', 'quiet': 'False', 'no_print': 'None', 'warn_error_options': 'WarnErrorOptions(include=[], exclude=[])', 'introspect': 'True', 'invocation_command': 'dbt init', 'log_format': 'default', 'target_path': 'None', 'static_parser': 'True', 'send_anonymous_usage_stats': 'True'}
[0m15:24:27.144482 [debug] [MainThread]: Starter project path: C:\Users\Sandy Lauguico\Documents\01-learn-in-public\product\ecommerce-modern-data-stack\venv\Lib\site-packages\dbt\include\starter_project
[0m15:24:27.166618 [info ] [MainThread]: 
Your new dbt project "ecom_staging" was created!

For more information on how to configure the profiles.yml file,
please consult the dbt documentation here:

  https://docs.getdbt.com/docs/configure-your-profile

One more thing:

Need help? Don't hesitate to reach out to us via GitHub issues or on Slack:

  https://community.getdbt.com/

Happy modeling!

[0m15:24:27.169982 [info ] [MainThread]: Setting up your profile.
[0m15:26:09.579496 [info ] [MainThread]: Profile ecom_staging written to C:\Users\Sandy Lauguico\.dbt\profiles.yml using target's profile_template.yml and your supplied values. Run 'dbt debug' to validate the connection.
[0m15:26:09.581225 [debug] [MainThread]: Command `dbt init` succeeded at 15:26:09.581225 after 110.23 seconds
[0m15:26:09.581225 [debug] [MainThread]: Sending event: {'category': 'dbt', 'action': 'invocation', 'label': 'end', 'context': [<snowplow_tracker.self_describing_json.SelfDescribingJson object at 0x00000242B409C7D0>, <snowplow_tracker.self_describing_json.SelfDescribingJson object at 0x00000242B3D22610>, <snowplow_tracker.self_describing_json.SelfDescribingJson object at 0x00000242B03F6950>]}
[0m15:26:09.581225 [debug] [MainThread]: Flushing usage events
[0m16:05:08.759664 [debug] [MainThread]: Sending event: {'category': 'dbt', 'action': 'invocation', 'label': 'start', 'context': [<snowplow_tracker.self_describing_json.SelfDescribingJson object at 0x0000022C832BB6D0>, <snowplow_tracker.self_describing_json.SelfDescribingJson object at 0x0000022C832B8610>, <snowplow_tracker.self_describing_json.SelfDescribingJson object at 0x0000022C832BB010>]}


============================== 16:05:08.764013 | 0dc8dc0e-0304-409d-a922-9f1503e5f450 ==============================
[0m16:05:08.764013 [info ] [MainThread]: Running with dbt=1.8.9
[0m16:05:08.764013 [debug] [MainThread]: running dbt with arguments {'printer_width': '80', 'indirect_selection': 'eager', 'log_cache_events': 'False', 'write_json': 'True', 'partial_parse': 'True', 'cache_selected_only': 'False', 'warn_error': 'None', 'fail_fast': 'False', 'debug': 'False', 'log_path': 'logs', 'version_check': 'True', 'profiles_dir': 'C:\\Users\\Sandy Lauguico\\.dbt', 'use_colors': 'True', 'use_experimental_parser': 'False', 'empty': 'False', 'quiet': 'False', 'no_print': 'None', 'log_format': 'default', 'invocation_command': 'dbt run', 'warn_error_options': 'WarnErrorOptions(include=[], exclude=[])', 'introspect': 'True', 'target_path': 'None', 'static_parser': 'True', 'send_anonymous_usage_stats': 'True'}
[0m16:05:08.765080 [error] [MainThread]: Encountered an error:
Runtime Error
  No dbt_project.yml found at expected path C:\Users\Sandy Lauguico\Documents\01-learn-in-public\product\ecommerce-modern-data-stack\ecom_airflow\dags\dbt\dbt_project.yml
  Verify that each entry within packages.yml (and their transitive dependencies) contains a file named dbt_project.yml
  
[0m16:05:08.766596 [debug] [MainThread]: Command `dbt run` failed at 16:05:08.766083 after 0.08 seconds
[0m16:05:08.766596 [debug] [MainThread]: Sending event: {'category': 'dbt', 'action': 'invocation', 'label': 'end', 'context': [<snowplow_tracker.self_describing_json.SelfDescribingJson object at 0x0000022C832FB2D0>, <snowplow_tracker.self_describing_json.SelfDescribingJson object at 0x0000022C832FBC90>, <snowplow_tracker.self_describing_json.SelfDescribingJson object at 0x0000022C832FBC10>]}
[0m16:05:08.767107 [debug] [MainThread]: Flushing usage events
[0m16:05:27.839493 [debug] [MainThread]: Sending event: {'category': 'dbt', 'action': 'invocation', 'label': 'start', 'context': [<snowplow_tracker.self_describing_json.SelfDescribingJson object at 0x000001AF9074BA10>, <snowplow_tracker.self_describing_json.SelfDescribingJson object at 0x000001AF90749950>, <snowplow_tracker.self_describing_json.SelfDescribingJson object at 0x000001AF9074B010>]}


============================== 16:05:27.843172 | 66cc6c37-e3ab-4498-814d-732e00d5a135 ==============================
[0m16:05:27.843172 [info ] [MainThread]: Running with dbt=1.8.9
[0m16:05:27.843780 [debug] [MainThread]: running dbt with arguments {'printer_width': '80', 'indirect_selection': 'eager', 'log_cache_events': 'False', 'write_json': 'True', 'partial_parse': 'True', 'cache_selected_only': 'False', 'profiles_dir': 'C:\\Users\\Sandy Lauguico\\.dbt', 'version_check': 'True', 'debug': 'False', 'log_path': 'logs', 'warn_error': 'None', 'fail_fast': 'False', 'use_colors': 'True', 'use_experimental_parser': 'False', 'empty': 'False', 'quiet': 'False', 'no_print': 'None', 'warn_error_options': 'WarnErrorOptions(include=[], exclude=[])', 'invocation_command': 'dbt build', 'log_format': 'default', 'introspect': 'True', 'target_path': 'None', 'static_parser': 'True', 'send_anonymous_usage_stats': 'True'}
[0m16:05:27.843780 [error] [MainThread]: Encountered an error:
Runtime Error
  No dbt_project.yml found at expected path C:\Users\Sandy Lauguico\Documents\01-learn-in-public\product\ecommerce-modern-data-stack\ecom_airflow\dags\dbt\dbt_project.yml
  Verify that each entry within packages.yml (and their transitive dependencies) contains a file named dbt_project.yml
  
[0m16:05:27.844983 [debug] [MainThread]: Command `dbt build` failed at 16:05:27.844983 after 0.06 seconds
[0m16:05:27.844983 [debug] [MainThread]: Sending event: {'category': 'dbt', 'action': 'invocation', 'label': 'end', 'context': [<snowplow_tracker.self_describing_json.SelfDescribingJson object at 0x000001AF9078D810>, <snowplow_tracker.self_describing_json.SelfDescribingJson object at 0x000001AF8F839450>, <snowplow_tracker.self_describing_json.SelfDescribingJson object at 0x000001AF8A28C250>]}
[0m16:05:27.844983 [debug] [MainThread]: Flushing usage events
